{"/Users/scastaldi001/git/dev/decorator/calculator.ts": {"path":"/Users/scastaldi001/git/dev/decorator/calculator.ts","statementMap":{"0":{"start":{"line":1,"column":0},"end":{"line":1,"column":47}},"1":{"start":{"line":4,"column":0},"end":{"line":26,"column":null}},"2":{"start":{"line":8,"column":8},"end":{"line":8,"column":27}},"3":{"start":{"line":13,"column":8},"end":{"line":13,"column":27}},"4":{"start":{"line":18,"column":8},"end":{"line":18,"column":27}},"5":{"start":{"line":23,"column":8},"end":{"line":23,"column":27}},"6":{"start":{"line":7,"column":4},"end":{"line":9,"column":null}},"7":{"start":{"line":12,"column":4},"end":{"line":14,"column":null}},"8":{"start":{"line":17,"column":4},"end":{"line":19,"column":null}},"9":{"start":{"line":22,"column":4},"end":{"line":24,"column":null}},"10":{"start":{"line":4,"column":13},"end":{"line":26,"column":null}},"11":{"start":{"line":4,"column":13},"end":{"line":4,"column":23}}},"fnMap":{"0":{"name":"(anonymous_1)","decl":{"start":{"line":7,"column":11},"end":{"line":7,"column":19}},"loc":{"start":{"line":7,"column":46},"end":{"line":9,"column":5}}},"1":{"name":"(anonymous_2)","decl":{"start":{"line":12,"column":11},"end":{"line":12,"column":17}},"loc":{"start":{"line":12,"column":44},"end":{"line":14,"column":5}}},"2":{"name":"(anonymous_3)","decl":{"start":{"line":17,"column":11},"end":{"line":17,"column":19}},"loc":{"start":{"line":17,"column":46},"end":{"line":19,"column":5}}},"3":{"name":"(anonymous_4)","decl":{"start":{"line":22,"column":11},"end":{"line":22,"column":14}},"loc":{"start":{"line":22,"column":41},"end":{"line":24,"column":5}}}},"branchMap":{},"s":{"0":1,"1":1,"2":1,"3":1,"4":1,"5":1,"6":1,"7":1,"8":1,"9":1,"10":1,"11":1},"f":{"0":1,"1":1,"2":1,"3":1},"b":{}}
,"/Users/scastaldi001/git/dev/decorator/hello.ts": {"path":"/Users/scastaldi001/git/dev/decorator/hello.ts","statementMap":{"0":{"start":{"line":6,"column":19},"end":{"line":6,"column":43}},"1":{"start":{"line":8,"column":4},"end":{"line":24,"column":null}},"2":{"start":{"line":11,"column":23},"end":{"line":11,"column":62}},"3":{"start":{"line":11,"column":37},"end":{"line":11,"column":54}},"4":{"start":{"line":14,"column":23},"end":{"line":14,"column":47}},"5":{"start":{"line":17,"column":18},"end":{"line":17,"column":40}},"6":{"start":{"line":20,"column":8},"end":{"line":20,"column":64}},"7":{"start":{"line":23,"column":8},"end":{"line":23,"column":22}},"8":{"start":{"line":25,"column":4},"end":{"line":25,"column":30}},"9":{"start":{"line":1,"column":0},"end":{"line":1,"column":16}},"10":{"start":{"line":42,"column":8},"end":{"line":42,"column":34}},"11":{"start":{"line":41,"column":4},"end":{"line":43,"column":null}},"12":{"start":{"line":34,"column":0},"end":{"line":34,"column":13}},"13":{"start":{"line":46,"column":15},"end":{"line":46,"column":30}},"14":{"start":{"line":48,"column":0},"end":{"line":48,"column":null}}},"fnMap":{"0":{"name":"logMethod","decl":{"start":{"line":1,"column":16},"end":{"line":1,"column":25}},"loc":{"start":{"line":4,"column":42},"end":{"line":26,"column":1}}},"1":{"name":"(anonymous_2)","decl":{"start":{"line":8,"column":31},"end":{"line":8,"column":41}},"loc":{"start":{"line":8,"column":55},"end":{"line":24,"column":5}}},"2":{"name":"(anonymous_3)","decl":{"start":{"line":11,"column":32},"end":{"line":11,"column":33}},"loc":{"start":{"line":11,"column":37},"end":{"line":11,"column":54}}},"3":{"name":"(anonymous_4)","decl":{"start":{"line":41,"column":4},"end":{"line":41,"column":13}},"loc":{"start":{"line":41,"column":29},"end":{"line":43,"column":5}}}},"branchMap":{},"s":{"0":1,"1":1,"2":1,"3":1,"4":1,"5":1,"6":1,"7":1,"8":1,"9":1,"10":1,"11":1,"12":1,"13":1,"14":1},"f":{"0":1,"1":1,"2":1,"3":1},"b":{}}
,"/Users/scastaldi001/git/dev/decorator/logger.ts": {"path":"/Users/scastaldi001/git/dev/decorator/logger.ts","statementMap":{"0":{"start":{"line":11,"column":19},"end":{"line":11,"column":43}},"1":{"start":{"line":13,"column":4},"end":{"line":29,"column":6}},"2":{"start":{"line":16,"column":23},"end":{"line":16,"column":64}},"3":{"start":{"line":16,"column":39},"end":{"line":16,"column":56}},"4":{"start":{"line":19,"column":23},"end":{"line":19,"column":47}},"5":{"start":{"line":22,"column":18},"end":{"line":22,"column":40}},"6":{"start":{"line":25,"column":8},"end":{"line":25,"column":64}},"7":{"start":{"line":28,"column":8},"end":{"line":28,"column":22}},"8":{"start":{"line":30,"column":4},"end":{"line":30,"column":30}},"9":{"start":{"line":6,"column":0},"end":{"line":6,"column":16}},"10":{"start":{"line":34,"column":4},"end":{"line":34,"column":34}}},"fnMap":{"0":{"name":"logMethod","decl":{"start":{"line":6,"column":16},"end":{"line":6,"column":25}},"loc":{"start":{"line":9,"column":42},"end":{"line":31,"column":1}}},"1":{"name":"(anonymous_1)","decl":{"start":{"line":13,"column":31},"end":{"line":13,"column":40}},"loc":{"start":{"line":13,"column":54},"end":{"line":29,"column":5}}},"2":{"name":"(anonymous_2)","decl":{"start":{"line":16,"column":32},"end":{"line":16,"column":33}},"loc":{"start":{"line":16,"column":39},"end":{"line":16,"column":56}}},"3":{"name":"logClass","decl":{"start":{"line":33,"column":9},"end":{"line":33,"column":17}},"loc":{"start":{"line":33,"column":69},"end":{"line":39,"column":1}}}},"branchMap":{},"s":{"0":4,"1":4,"2":4,"3":8,"4":4,"5":4,"6":4,"7":4,"8":4,"9":1,"10":0},"f":{"0":4,"1":4,"2":8,"3":0},"b":{}}
}
