TN:
SF:calculator.ts
FN:7,(anonymous_1)
FN:12,(anonymous_2)
FN:17,(anonymous_3)
FN:22,(anonymous_4)
FNF:4
FNH:4
FNDA:1,(anonymous_1)
FNDA:1,(anonymous_2)
FNDA:1,(anonymous_3)
FNDA:1,(anonymous_4)
DA:1,1
DA:4,1
DA:7,1
DA:8,1
DA:12,1
DA:13,1
DA:17,1
DA:18,1
DA:22,1
DA:23,1
LF:10
LH:10
BRF:0
BRH:0
end_of_record
TN:
SF:hello.ts
FN:1,logMethod
FN:8,(anonymous_2)
FN:11,(anonymous_3)
FN:41,(anonymous_4)
FNF:4
FNH:4
FNDA:1,logMethod
FNDA:1,(anonymous_2)
FNDA:1,(anonymous_3)
FNDA:1,(anonymous_4)
DA:1,1
DA:6,1
DA:8,1
DA:11,1
DA:14,1
DA:17,1
DA:20,1
DA:23,1
DA:25,1
DA:34,1
DA:41,1
DA:42,1
DA:46,1
DA:48,1
LF:14
LH:14
BRF:0
BRH:0
end_of_record
TN:
SF:logger.ts
FN:6,logMethod
FN:13,(anonymous_1)
FN:16,(anonymous_2)
FN:33,logClass
FNF:4
FNH:3
FNDA:4,logMethod
FNDA:4,(anonymous_1)
FNDA:8,(anonymous_2)
FNDA:0,logClass
DA:6,1
DA:11,4
DA:13,4
DA:16,8
DA:19,4
DA:22,4
DA:25,4
DA:28,4
DA:30,4
DA:34,0
LF:10
LH:9
BRF:0
BRH:0
end_of_record
